<?xml version="1.0" encoding="UTF-8"?>
<testsuite name="org.example.PointTest" tests="1" skipped="0" failures="0" errors="0" timestamp="2022-10-30T11:40:50" hostname="Indranils-MacBook-Air.local" time="0.013">
  <properties/>
  <testcase name="euclideanDistanceBetweenTwoPoints()" classname="org.example.PointTest" time="0.013"/>
  <system-out><![CDATA[]]></system-out>
  <system-err><![CDATA[]]></system-err>
</testsuite>
